Expression 1:
234.465 
The value is: 234.465
The Intermediate Results are: 

Expression 2:

Invalid Expression
The Intermediate Results are: 

Expression 3:
3 0 / 
Invalid Expression
The Intermediate Results are: 

Expression 4:
3 4 5 + 
Invalid Expression
The Intermediate Results are: 9 

Expression 5:
3 4 + + 
Invalid Expression
The Intermediate Results are: 7 

Expression 6:
+ 
Invalid Expression
The Intermediate Results are: 

Expression 7:
3 4 + 7 7 - / 
Invalid Expression
The Intermediate Results are: 7 0 

Expression 8:
3 4 5 + B 
Invalid Expression
The Intermediate Results are: 9 

Expression 9:
2 3 4 - + 
The value is: 1
The Intermediate Results are: -1 1 

Expression 10:
2.1 2.55 + 23.4 * 
The value is: 108.81
The Intermediate Results are: 4.65 108.81 

Expression 11:
12.6 11.4 19.4 18.3 - - - 
The value is: 2.3
The Intermediate Results are: 1.1 10.3 2.3 

Expression 12:
3 4 5 6 + - 5 12 4 / 8 * 2 9 11 / 6 4 - * + 2 + - - * + 
The value is: 96.5455
The Intermediate Results are: 11 -7 3 24 0.818182 2 1.63636 3.63636 5.63636 18.3636 -13.3636 93.5455 96.5455 

Expression 13:
2 3 4 5 - * 5 + 6 7 + + - * 
Invalid Expression
The Intermediate Results are: -1 -3 2 13 15 -13 

Expression 14:
2 3 4 - + 7 * 8 9 - 
Invalid Expression
The Intermediate Results are: -1 1 7 -1 

Expression 15:
2 / 
Invalid Expression
The Intermediate Results are: 

Expression 16:

Invalid Expression
The Intermediate Results are: 

Normal Termination of Program 1!
